int------(-1, -1)
id------(11, 0)
,------(-1, -1)
id------(12, 0)
,------(-1, -1)
id------(13, 0)
,------(-1, -1)
id------(11, 1)
;------(-1, -1)
read------(-1, -1)
(------(-1, -1)
id------(11, 0)
)------(-1, -1)
;------(-1, -1)
read------(-1, -1)
(------(-1, -1)
id------(12, 0)
)------(-1, -1)
;------(-1, -1)
read------(-1, -1)
(------(-1, -1)
id------(13, 0)
)------(-1, -1)
;------(-1, -1)
if------(-1, -1)
(------(-1, -1)
id------(11, 0)
>------(-1, -1)
id------(12, 0)
and------(-1, -1)
id------(11, 0)
>------(-1, -1)
id------(13, 0)
)------(-1, -1)
{------(-1, -1)
id------(11, 1)
=------(-1, -1)
id------(11, 0)
;------(-1, -1)
}------(-1, -1)
else------(-1, -1)
{------(-1, -1)
if------(-1, -1)
(------(-1, -1)
id------(12, 0)
>------(-1, -1)
id------(11, 0)
and------(-1, -1)
id------(12, 0)
>------(-1, -1)
id------(13, 0)
)------(-1, -1)
{------(-1, -1)
id------(11, 1)
=------(-1, -1)
id------(12, 0)
;------(-1, -1)
}------(-1, -1)
}------(-1, -1)
else------(-1, -1)
{------(-1, -1)
if------(-1, -1)
(------(-1, -1)
id------(13, 0)
>------(-1, -1)
id------(11, 0)
and------(-1, -1)
id------(13, 0)
>------(-1, -1)
id------(12, 0)
)------(-1, -1)
{------(-1, -1)
id------(11, 1)
=------(-1, -1)
id------(13, 0)
;------(-1, -1)
}------(-1, -1)
}------(-1, -1)
else------(-1, -1)
{------(-1, -1)
id------(11, 1)
=------(-1, -1)
const------(0, 0)
;------(-1, -1)
}------(-1, -1)
write------(-1, -1)
(------(-1, -1)
